2022-03-07T14:06:06.136+0800	info	ethclient succeed
2022-03-07T14:06:28.556+0800	info	0xB3319f5D18Bc0D84dD1b4825Dcde5d5f7266d407
2022-03-07T14:06:28.556+0800	info	0x6C8c6b02E7b2BE14d4fA6022Dfd6d75921D90E4E
2022-03-07T14:06:28.556+0800	info	0xA4C993E32876795ABf80842Adb0a241bb0EeCD47
2022-03-07T14:06:28.556+0800	info	0xF5DCe57282A584D2746FaF1593d3121Fcac444dC
2022-03-07T14:06:28.556+0800	info	0x158079Ee67Fce2f58472A96584A73C7Ab9AC95c1
2022-03-07T14:06:28.556+0800	info	0x4Ddc2D193948926D02f9B1fE9e1daa0718270ED5
2022-03-07T14:06:28.556+0800	info	0x39AA39c021dfbaE8faC545936693aC917d5E7563
2022-03-07T14:06:28.556+0800	info	0xC11b1268C1A384e55C48c2391d8d480264A3A7F4
2022-03-07T14:06:28.556+0800	info	0x5d3a536E4D6DbD6114cc1Ead35777bAB948E3643
2022-03-07T14:06:28.556+0800	info	0xb49eEfD78a6FE2ad1550591B37a9E47644c72B20
2022-03-07T14:06:28.556+0800	info	0xf650C3d88D12dB855b8bf7D11Be6C55A4e07dCC9
2022-03-07T14:06:28.556+0800	info	0x2Af5b49c31200C4F5B0E8ca1a9Bb4F9C4e523868
2022-03-07T14:06:28.556+0800	info	0x35A18000230DA775CAc24873d00Ff85BccdeD550
2022-03-07T14:06:28.557+0800	info	0x70e36f6BF80a52b3B46b3aF8e106CC0ed743E8e4
2022-03-07T14:06:28.557+0800	info	0x12392F67bdf24faE0AF363c24aC620a2f67DAd86
2022-03-07T14:06:28.557+0800	info	0xc9597f3Cf4FaE6004451D5C319aF2DF5f926be5D
2022-03-07T14:06:28.557+0800	info	0xbB23A232d7DA1C7C722f7c14097487d8485E6A15
2022-03-07T14:06:28.557+0800	info	0xccF4429DB6322D5C611ee964527D42E5d685DD6a
2022-03-07T14:06:28.557+0800	info	0xD11E692cad6f9A057EFDbF449B8f7756269De4F3
2022-03-07T14:06:28.557+0800	info	0xA33C946829D5940B72208C4cD06267d1f460B4De
2022-03-07T14:06:28.557+0800	info	0xFAce851a4921ce59e912d19329929CE6da6EB0c7
2022-03-07T14:06:28.557+0800	info	0x74Fd23534F0b0eD45Cd81DF3F7d6e7561A7Cb321
2022-03-07T14:06:28.557+0800	info	0x913FDcD686C1163008Df55e661c7AdCAEFcAae96
2022-03-07T14:06:28.557+0800	info	0x96A8A2a5941c52B981dbe89c0b655B1675173950
2022-03-07T14:06:28.557+0800	info	0x95b4eF2869eBD94BEb4eEE400a99824BF5DC325b
2022-03-07T14:06:28.557+0800	info	0x4B0181102A0112A2ef11AbEE5563bb4a3176c9d7
2022-03-07T14:06:28.557+0800	info	0xe65cdB6479BaC1e22340E4E755fAE7E509EcD06c
2022-03-07T14:06:28.557+0800	info	0x80a2AE356fc9ef4305676f7a3E2Ed04e12C33946
2022-03-07T14:06:28.557+0800	info	0x6924c66ed77F5E45186b2E9a2b826ee061884624
2022-03-07T14:06:28.557+0800	info	0x3cDb0115b5CCd1D5Cb631c2946Abf55816Ad61a2
2022-03-07T14:06:28.557+0800	info	0x606EE598f0eB701eaFD284D210cB72be2495C1A2
2022-03-07T14:06:28.557+0800	info	0x7713DD9Ca933848F6819F38B8352D9A15EA73F67
2022-03-07T14:06:28.557+0800	info	0x944DD1c7ce133B75880CeE913d513f8C07312393
2022-03-07T14:06:28.557+0800	info	0x041171993284df560249B57358F931D9eB7b925D
2022-03-07T14:06:28.557+0800	info	0xbA381C66958096BDa27f932ff39523db67fbf1e3
2022-03-07T14:06:28.557+0800	info	0xC0dA79a6A0F255ED6d31a8FFd719C19A52aA5a36
2022-03-07T14:06:28.557+0800	info	0x1ddaAfEe72Ffc6Cd60368f17cEB376692F69515F
2022-03-07T14:06:28.557+0800	info	0x2220e2A723C5099aB0be7FBBc29D052938F82E0b
2022-03-07T14:06:28.557+0800	info	0xe7373A0D692F60400AF4A5ac6dfB927840414F86
2022-03-07T14:47:25.360+0800	info	init mysql succeed
2022-03-07T14:47:25.360+0800	info	ethclient succeed
2022-03-07T14:47:36.854+0800	info	0xB3319f5D18Bc0D84dD1b4825Dcde5d5f7266d407
2022-03-07T14:47:36.859+0800	info	0x6C8c6b02E7b2BE14d4fA6022Dfd6d75921D90E4E
2022-03-07T14:47:36.861+0800	info	0xA4C993E32876795ABf80842Adb0a241bb0EeCD47
2022-03-07T14:47:36.861+0800	info	0xF5DCe57282A584D2746FaF1593d3121Fcac444dC
2022-03-07T14:47:36.862+0800	info	0x158079Ee67Fce2f58472A96584A73C7Ab9AC95c1
2022-03-07T14:47:36.863+0800	info	0x4Ddc2D193948926D02f9B1fE9e1daa0718270ED5
2022-03-07T14:47:36.864+0800	info	0x39AA39c021dfbaE8faC545936693aC917d5E7563
2022-03-07T14:47:36.864+0800	info	0xC11b1268C1A384e55C48c2391d8d480264A3A7F4
2022-03-07T14:47:36.866+0800	info	0x5d3a536E4D6DbD6114cc1Ead35777bAB948E3643
2022-03-07T14:47:36.867+0800	info	0xb49eEfD78a6FE2ad1550591B37a9E47644c72B20
2022-03-07T14:47:36.868+0800	info	0xf650C3d88D12dB855b8bf7D11Be6C55A4e07dCC9
2022-03-07T14:47:36.869+0800	info	0x2Af5b49c31200C4F5B0E8ca1a9Bb4F9C4e523868
2022-03-07T14:47:36.870+0800	info	0x35A18000230DA775CAc24873d00Ff85BccdeD550
2022-03-07T14:47:36.871+0800	info	0x70e36f6BF80a52b3B46b3aF8e106CC0ed743E8e4
2022-03-07T14:47:36.872+0800	info	0x12392F67bdf24faE0AF363c24aC620a2f67DAd86
2022-03-07T14:47:36.873+0800	info	0xc9597f3Cf4FaE6004451D5C319aF2DF5f926be5D
2022-03-07T14:47:36.874+0800	info	0xbB23A232d7DA1C7C722f7c14097487d8485E6A15
2022-03-07T14:47:36.875+0800	info	0xccF4429DB6322D5C611ee964527D42E5d685DD6a
2022-03-07T14:47:36.876+0800	info	0xD11E692cad6f9A057EFDbF449B8f7756269De4F3
2022-03-07T14:47:36.876+0800	info	0xA33C946829D5940B72208C4cD06267d1f460B4De
2022-03-07T14:47:36.877+0800	info	0xFAce851a4921ce59e912d19329929CE6da6EB0c7
2022-03-07T14:47:36.878+0800	info	0x74Fd23534F0b0eD45Cd81DF3F7d6e7561A7Cb321
2022-03-07T14:47:36.878+0800	info	0x913FDcD686C1163008Df55e661c7AdCAEFcAae96
2022-03-07T14:47:36.879+0800	info	0x96A8A2a5941c52B981dbe89c0b655B1675173950
2022-03-07T14:47:36.879+0800	info	0x95b4eF2869eBD94BEb4eEE400a99824BF5DC325b
2022-03-07T14:47:36.880+0800	info	0x4B0181102A0112A2ef11AbEE5563bb4a3176c9d7
2022-03-07T14:47:36.881+0800	info	0xe65cdB6479BaC1e22340E4E755fAE7E509EcD06c
2022-03-07T14:47:36.881+0800	info	0x80a2AE356fc9ef4305676f7a3E2Ed04e12C33946
2022-03-07T14:47:36.882+0800	info	0x6924c66ed77F5E45186b2E9a2b826ee061884624
2022-03-07T14:47:36.883+0800	info	0x3cDb0115b5CCd1D5Cb631c2946Abf55816Ad61a2
2022-03-07T14:47:36.883+0800	info	0x606EE598f0eB701eaFD284D210cB72be2495C1A2
2022-03-07T14:47:36.884+0800	info	0x7713DD9Ca933848F6819F38B8352D9A15EA73F67
2022-03-07T14:47:36.885+0800	info	0x944DD1c7ce133B75880CeE913d513f8C07312393
2022-03-07T14:47:36.885+0800	info	0x041171993284df560249B57358F931D9eB7b925D
2022-03-07T14:47:36.886+0800	info	0xbA381C66958096BDa27f932ff39523db67fbf1e3
2022-03-07T14:47:36.886+0800	info	0xC0dA79a6A0F255ED6d31a8FFd719C19A52aA5a36
2022-03-07T14:47:36.887+0800	info	0x1ddaAfEe72Ffc6Cd60368f17cEB376692F69515F
2022-03-07T14:47:36.888+0800	info	0x2220e2A723C5099aB0be7FBBc29D052938F82E0b
2022-03-07T14:47:36.888+0800	info	0xe7373A0D692F60400AF4A5ac6dfB927840414F86
